Using pre-set license
Built from '2021.3/staging' branch; Version is '2021.3.45f1 (0da89fac8e79) revision 895135'; Using compiler version '192829333'; Build Type 'Release'
OS: 'Windows 10  (10.0.19045) 64bit Professional' Language: 'en' Physical Memory: 16212 MB
BatchMode: 1, IsHumanControllingUs: 0, StartBugReporterOnCrash: 0, Is64bit: 1, IsPro: 1

COMMAND LINE ARGUMENTS:
C:\Program Files\Unity\Hub\Editor\2021.3.45f1\Editor\Unity.exe
-adb2
-batchMode
-noUpm
-name
AssetImportWorker2
-projectPath
D:/DemoMario/Unity3D-Mario-Kart-Racing-Game/3D Mario Kart
-logFile
Logs/AssetImportWorker2.log
-srvPort
49798
Successfully changed project path to: D:/DemoMario/Unity3D-Mario-Kart-Racing-Game/3D Mario Kart
D:/DemoMario/Unity3D-Mario-Kart-Racing-Game/3D Mario Kart
[UnityMemory] Configuration Parameters - Can be set up in boot.config
    "memorysetup-bucket-allocator-granularity=16"
    "memorysetup-bucket-allocator-bucket-count=8"
    "memorysetup-bucket-allocator-block-size=33554432"
    "memorysetup-bucket-allocator-block-count=8"
    "memorysetup-main-allocator-block-size=16777216"
    "memorysetup-thread-allocator-block-size=16777216"
    "memorysetup-gfx-main-allocator-block-size=16777216"
    "memorysetup-gfx-thread-allocator-block-size=16777216"
    "memorysetup-cache-allocator-block-size=4194304"
    "memorysetup-typetree-allocator-block-size=2097152"
    "memorysetup-profiler-bucket-allocator-granularity=16"
    "memorysetup-profiler-bucket-allocator-bucket-count=8"
    "memorysetup-profiler-bucket-allocator-block-size=33554432"
    "memorysetup-profiler-bucket-allocator-block-count=8"
    "memorysetup-profiler-allocator-block-size=16777216"
    "memorysetup-profiler-editor-allocator-block-size=1048576"
    "memorysetup-temp-allocator-size-main=16777216"
    "memorysetup-job-temp-allocator-block-size=2097152"
    "memorysetup-job-temp-allocator-block-size-background=1048576"
    "memorysetup-job-temp-allocator-reduction-small-platforms=262144"
    "memorysetup-temp-allocator-size-background-worker=32768"
    "memorysetup-temp-allocator-size-job-worker=262144"
    "memorysetup-temp-allocator-size-preload-manager=33554432"
    "memorysetup-temp-allocator-size-nav-mesh-worker=65536"
    "memorysetup-temp-allocator-size-audio-worker=65536"
    "memorysetup-temp-allocator-size-cloud-worker=32768"
    "memorysetup-temp-allocator-size-gi-baking-worker=262144"
    "memorysetup-temp-allocator-size-gfx=262144"
Player connection [21964] Host "[IP] 192.168.1.56 [Port] 0 [Flags] 2 [Guid] 1273357736 [EditorId] 1273357736 [Version] 1048832 [Id] WindowsEditor(7,DESKTOP-H6IRBS1) [Debug] 1 [PackageName] WindowsEditor [ProjectName] Editor" joined multi-casting on [225.0.0.222:54997]...

Player connection [21964] Host "[IP] 192.168.1.56 [Port] 0 [Flags] 2 [Guid] 1273357736 [EditorId] 1273357736 [Version] 1048832 [Id] WindowsEditor(7,DESKTOP-H6IRBS1) [Debug] 1 [PackageName] WindowsEditor [ProjectName] Editor" joined alternative multi-casting on [225.0.0.222:34997]...

[Physics::Module] Initialized MultithreadedJobDispatcher with {0} workers.
Refreshing native plugins compatible for Editor in 95.51 ms, found 2 plugins.
Preloading 0 native plugins for Editor in 0.00 ms.
Initialize engine version: 2021.3.45f1 (0da89fac8e79)
[Subsystems] Discovering subsystems at path C:/Program Files/Unity/Hub/Editor/2021.3.45f1/Editor/Data/Resources/UnitySubsystems
[Subsystems] Discovering subsystems at path D:/DemoMario/Unity3D-Mario-Kart-Racing-Game/3D Mario Kart/Assets
GfxDevice: creating device client; threaded=0; jobified=0
Direct3D:
    Version:  Direct3D 11.0 [level 11.1]
    Renderer: Radeon RX550/550 Series (ID=0x699f)
    Vendor:   ATI
    VRAM:     4075 MB
    Driver:   31.0.12027.9001
Initialize mono
Mono path[0] = 'C:/Program Files/Unity/Hub/Editor/2021.3.45f1/Editor/Data/Managed'
Mono path[1] = 'C:/Program Files/Unity/Hub/Editor/2021.3.45f1/Editor/Data/MonoBleedingEdge/lib/mono/unityjit-win32'
Mono config path = 'C:/Program Files/Unity/Hub/Editor/2021.3.45f1/Editor/Data/MonoBleedingEdge/etc'
Using monoOptions --debugger-agent=transport=dt_socket,embedding=1,server=y,suspend=n,address=127.0.0.1:56460
Begin MonoManager ReloadAssembly
Registering precompiled unity dll's ...
Register platform support module: C:/Program Files/Unity/Hub/Editor/2021.3.45f1/Editor/Data/PlaybackEngines/AndroidPlayer/UnityEditor.Android.Extensions.dll
Register platform support module: C:/Program Files/Unity/Hub/Editor/2021.3.45f1/Editor/Data/PlaybackEngines/WindowsStandaloneSupport/UnityEditor.WindowsStandalone.Extensions.dll
Registered in 0.004322 seconds.
Native extension for WindowsStandalone target not found
Native extension for Android target not found
Android Extension - Scanning For ADB Devices 165 ms
Refreshing native plugins compatible for Editor in 77.06 ms, found 2 plugins.
Preloading 0 native plugins for Editor in 0.00 ms.
Mono: successfully reloaded assembly
- Completed reload, in  0.645 seconds
Domain Reload Profiling:
	ReloadAssembly (646ms)
		BeginReloadAssembly (68ms)
			ExecutionOrderSort (0ms)
			DisableScriptedObjects (0ms)
			BackupInstance (0ms)
			ReleaseScriptingObjects (0ms)
			CreateAndSetChildDomain (1ms)
		EndReloadAssembly (514ms)
			LoadAssemblies (67ms)
			RebuildTransferFunctionScriptingTraits (0ms)
			SetupTypeCache (69ms)
			ReleaseScriptCaches (0ms)
			RebuildScriptCaches (19ms)
			SetupLoadedEditorAssemblies (396ms)
				LogAssemblyErrors (0ms)
				InitializePlatformSupportModulesInManaged (218ms)
				SetLoadedEditorAssemblies (0ms)
				RefreshPlugins (77ms)
				BeforeProcessingInitializeOnLoad (1ms)
				ProcessInitializeOnLoadAttributes (69ms)
				ProcessInitializeOnLoadMethodAttributes (30ms)
				AfterProcessingInitializeOnLoad (0ms)
				EditorAssembliesLoaded (0ms)
			ExecutionOrderSort2 (0ms)
			AwakeInstancesAfterBackupRestoration (0ms)
Platform modules already initialized, skipping
Registering precompiled user dll's ...
Registered in 0.003010 seconds.
Begin MonoManager ReloadAssembly
Symbol file LoadedFromMemory is not a mono symbol file
Native extension for WindowsStandalone target not found
Native extension for Android target not found
Refreshing native plugins compatible for Editor in 81.13 ms, found 2 plugins.
Preloading 0 native plugins for Editor in 0.00 ms.
Package Manager log level set to [2]
[Package Manager] Server::EnsureServerProcessIsRunning -- launch failed, reason: Unity was launched with the -noUpm command-line argument
[Package Manager] Cannot connect to Unity Package Manager local server
Mono: successfully reloaded assembly
- Completed reload, in  1.390 seconds
Domain Reload Profiling:
	ReloadAssembly (1391ms)
		BeginReloadAssembly (90ms)
			ExecutionOrderSort (0ms)
			DisableScriptedObjects (4ms)
			BackupInstance (0ms)
			ReleaseScriptingObjects (0ms)
			CreateAndSetChildDomain (14ms)
		EndReloadAssembly (1232ms)
			LoadAssemblies (76ms)
			RebuildTransferFunctionScriptingTraits (0ms)
			SetupTypeCache (185ms)
			ReleaseScriptCaches (0ms)
			RebuildScriptCaches (69ms)
			SetupLoadedEditorAssemblies (888ms)
				LogAssemblyErrors (0ms)
				InitializePlatformSupportModulesInManaged (10ms)
				SetLoadedEditorAssemblies (0ms)
				RefreshPlugins (81ms)
				BeforeProcessingInitializeOnLoad (65ms)
				ProcessInitializeOnLoadAttributes (613ms)
				ProcessInitializeOnLoadMethodAttributes (115ms)
				AfterProcessingInitializeOnLoad (4ms)
				EditorAssembliesLoaded (0ms)
			ExecutionOrderSort2 (0ms)
			AwakeInstancesAfterBackupRestoration (4ms)
Platform modules already initialized, skipping
========================================================================
Worker process is ready to serve import requests
Launched and connected shader compiler UnityShaderCompiler.exe after 0.03 seconds
Refreshing native plugins compatible for Editor in 1.15 ms, found 2 plugins.
Preloading 0 native plugins for Editor in 0.00 ms.
Unloading 5935 Unused Serialized files (Serialized files now loaded: 0)
Unloading 79 unused Assets / (3.6 MB). Loaded Objects now: 6384.
Memory consumption went from 276.1 MB to 272.5 MB.
Total: 5.741800 ms (FindLiveObjects: 0.295200 ms CreateObjectMapping: 0.177600 ms MarkObjects: 4.507200 ms  DeleteObjects: 0.761100 ms)

AssetImportParameters requested are different than current active one (requested -> active):
  custom:video-decoder-ogg-theora: a1e56fd34408186e4bbccfd4996cb3dc -> 
  custom:container-muxer-webm: aa71ff27fc2769a1b78a27578f13a17b -> 
  custom:container-demuxer-webm: 4f35f7cbe854078d1ac9338744f61a02 -> 
  custom:video-encoder-webm-vp8: eb34c28f22e8b96e1ab97ce403110664 -> 
  custom:CustomObjectIndexerAttribute: f67f22312cbe972f2da930a377ed3d15 -> 
  custom:audio-encoder-webm-vorbis: bf7c407c2cedff20999df2af8eb42d56 -> 
  custom:framework-win-MediaFoundation: 216162199b28c13a410421893ffa2e32 -> 
  custom:SearchIndexIgnoredProperties: e643bd26f0fe6173181afceb89e7c659 -> 
  custom:container-demuxer-ogg: 62fdf1f143b41e24485cea50d1cbac27 -> 
  custom:video-decoder-webm-vp8: 9c59270c3fd7afecdb556c50c9e8de78 -> 
  custom:audio-decoder-ogg-vorbis: bf7c407c2cedff20999df2af8eb42d56 -> 
========================================================================
Received Import Request.
  Time since last request: 22418.885557 seconds.
  path: Assets/UI/PNG/Green/Default/arrow_basic_w.png
  artifactKey: Guid(426a6acb8946044408b9a43761dc9b3d) Importer(815301076,1909f56bfc062723c751e8b465ee728b)
Number of updated assets reloaded before import = 0
Start importing Assets/UI/PNG/Green/Default/arrow_basic_w.png using Guid(426a6acb8946044408b9a43761dc9b3d) Importer(815301076,1909f56bfc062723c751e8b465ee728b)  -> (artifact id: '5b1c934cf1e1bc631389d1cc96b052b6') in 0.067388 seconds 
Number of asset objects unloaded after import = 2
========================================================================
Received Import Request.
  Time since last request: 0.000019 seconds.
  path: Assets/UI/PNG/Green/Default/arrow_decorative_s.png
  artifactKey: Guid(b3cb48b3f70e78048b7af4bdefdc80ab) Importer(815301076,1909f56bfc062723c751e8b465ee728b)
Number of updated assets reloaded before import = 0
Start importing Assets/UI/PNG/Green/Default/arrow_decorative_s.png using Guid(b3cb48b3f70e78048b7af4bdefdc80ab) Importer(815301076,1909f56bfc062723c751e8b465ee728b)  -> (artifact id: 'ad5ee72439b1a4a88d8c5fa70f175dbc') in 0.038803 seconds 
Number of asset objects unloaded after import = 3
========================================================================
Received Import Request.
  Time since last request: 0.000029 seconds.
  path: Assets/UI/PNG/Green/Default/button_rectangle_gloss.png
  artifactKey: Guid(c9a13143e5ce61c449e56124a9ca5c2b) Importer(815301076,1909f56bfc062723c751e8b465ee728b)
Number of updated assets reloaded before import = 0
Start importing Assets/UI/PNG/Green/Default/button_rectangle_gloss.png using Guid(c9a13143e5ce61c449e56124a9ca5c2b) Importer(815301076,1909f56bfc062723c751e8b465ee728b)  -> (artifact id: '09a64d52d7ec2d7f84e99842e3490044') in 0.009441 seconds 
Number of asset objects unloaded after import = 3
========================================================================
Received Import Request.
  Time since last request: 0.000019 seconds.
  path: Assets/UI/PNG/Green/Default/button_round_depth_flat.png
  artifactKey: Guid(787c64c1a465d224d8f9c9db46c874d8) Importer(815301076,1909f56bfc062723c751e8b465ee728b)
Number of updated assets reloaded before import = 0
Start importing Assets/UI/PNG/Green/Default/button_round_depth_flat.png using Guid(787c64c1a465d224d8f9c9db46c874d8) Importer(815301076,1909f56bfc062723c751e8b465ee728b)  -> (artifact id: '67cb63d1b2c896fb0d998b6ead3cd2d5') in 0.009833 seconds 
Number of asset objects unloaded after import = 3
========================================================================
Received Import Request.
  Time since last request: 0.000020 seconds.
  path: Assets/UI/PNG/Green/Default/button_round_depth_border.png
  artifactKey: Guid(c7bab6cc3f93fbf4d839f5e1fceed744) Importer(815301076,1909f56bfc062723c751e8b465ee728b)
Number of updated assets reloaded before import = 0
Start importing Assets/UI/PNG/Green/Default/button_round_depth_border.png using Guid(c7bab6cc3f93fbf4d839f5e1fceed744) Importer(815301076,1909f56bfc062723c751e8b465ee728b)  -> (artifact id: 'ff325beb93f3d6d8eb090b7c94354f3a') in 0.007810 seconds 
Number of asset objects unloaded after import = 3
========================================================================
Received Import Request.
  Time since last request: 0.000019 seconds.
  path: Assets/UI/PNG/Green/Default/button_round_depth_gloss.png
  artifactKey: Guid(dd6b07c2eb1006c4d831c6ee7bf83729) Importer(815301076,1909f56bfc062723c751e8b465ee728b)
Number of updated assets reloaded before import = 0
Start importing Assets/UI/PNG/Green/Default/button_round_depth_gloss.png using Guid(dd6b07c2eb1006c4d831c6ee7bf83729) Importer(815301076,1909f56bfc062723c751e8b465ee728b)  -> (artifact id: '6b6b102c60793f032735160bcb5dd829') in 0.006991 seconds 
Number of asset objects unloaded after import = 3
========================================================================
Received Import Request.
  Time since last request: 0.000023 seconds.
  path: Assets/UI/PNG/Green/Default/button_round_line.png
  artifactKey: Guid(30ee7beb6760a444391403df920eaf2f) Importer(815301076,1909f56bfc062723c751e8b465ee728b)
Number of updated assets reloaded before import = 0
Start importing Assets/UI/PNG/Green/Default/button_round_line.png using Guid(30ee7beb6760a444391403df920eaf2f) Importer(815301076,1909f56bfc062723c751e8b465ee728b)  -> (artifact id: 'b6928d0a79f0e387ecd865d3fd638d7a') in 0.008967 seconds 
Number of asset objects unloaded after import = 3
========================================================================
Received Import Request.
  Time since last request: 0.000023 seconds.
  path: Assets/UI/PNG/Green/Default/arrow_decorative_e.png
  artifactKey: Guid(8d1a7e793cdf0f04492660f5b01b87d8) Importer(815301076,1909f56bfc062723c751e8b465ee728b)
Number of updated assets reloaded before import = 0
Start importing Assets/UI/PNG/Green/Default/arrow_decorative_e.png using Guid(8d1a7e793cdf0f04492660f5b01b87d8) Importer(815301076,1909f56bfc062723c751e8b465ee728b)  -> (artifact id: '9ecda49068f2426220b13cb7f5846b7e') in 0.007781 seconds 
Number of asset objects unloaded after import = 3
========================================================================
Received Import Request.
  Time since last request: 0.000018 seconds.
  path: Assets/UI/PNG/Green/Default/arrow_decorative_w_small.png
  artifactKey: Guid(18a6d7d2c465cd54b81ce4655b72eadf) Importer(815301076,1909f56bfc062723c751e8b465ee728b)
Number of updated assets reloaded before import = 0
Start importing Assets/UI/PNG/Green/Default/arrow_decorative_w_small.png using Guid(18a6d7d2c465cd54b81ce4655b72eadf) Importer(815301076,1909f56bfc062723c751e8b465ee728b)  -> (artifact id: '2c23d8ada4a5247cab784a6aab8e4519') in 0.010075 seconds 
Number of asset objects unloaded after import = 3
========================================================================
Received Import Request.
  Time since last request: 0.000019 seconds.
  path: Assets/UI/PNG/Green/Default/button_round_border.png
  artifactKey: Guid(b777a853852019d4b977544ff04a5787) Importer(815301076,1909f56bfc062723c751e8b465ee728b)
Number of updated assets reloaded before import = 0
Start importing Assets/UI/PNG/Green/Default/button_round_border.png using Guid(b777a853852019d4b977544ff04a5787) Importer(815301076,1909f56bfc062723c751e8b465ee728b)  -> (artifact id: 'c53e387e251aae927c0ad48961832f0b') in 0.008738 seconds 
Number of asset objects unloaded after import = 3
========================================================================
Received Import Request.
  Time since last request: 0.000023 seconds.
  path: Assets/UI/PNG/Green/Default/button_round_gradient.png
  artifactKey: Guid(ba8b75957eb9ec4448a048deb089388a) Importer(815301076,1909f56bfc062723c751e8b465ee728b)
Number of updated assets reloaded before import = 0
Start importing Assets/UI/PNG/Green/Default/button_round_gradient.png using Guid(ba8b75957eb9ec4448a048deb089388a) Importer(815301076,1909f56bfc062723c751e8b465ee728b)  -> (artifact id: 'f284f961d5d979bfeac37cf44fbcb9d1') in 0.010542 seconds 
Number of asset objects unloaded after import = 3
========================================================================
Received Import Request.
  Time since last request: 0.000025 seconds.
  path: Assets/UI/PNG/Green/Default/button_round_flat.png
  artifactKey: Guid(d022f88a5585bc040957d7233d9f86e3) Importer(815301076,1909f56bfc062723c751e8b465ee728b)
Number of updated assets reloaded before import = 0
Start importing Assets/UI/PNG/Green/Default/button_round_flat.png using Guid(d022f88a5585bc040957d7233d9f86e3) Importer(815301076,1909f56bfc062723c751e8b465ee728b)  -> (artifact id: 'bd938beadbd3cdbfe20d35dca67df343') in 0.013762 seconds 
Number of asset objects unloaded after import = 3
========================================================================
Received Import Request.
  Time since last request: 0.000038 seconds.
  path: Assets/UI/PNG/Green/Default/button_rectangle_depth_gloss.png
  artifactKey: Guid(c5cafa58ca05d6945a94ce5427a0a871) Importer(815301076,1909f56bfc062723c751e8b465ee728b)
Number of updated assets reloaded before import = 0
Start importing Assets/UI/PNG/Green/Default/button_rectangle_depth_gloss.png using Guid(c5cafa58ca05d6945a94ce5427a0a871) Importer(815301076,1909f56bfc062723c751e8b465ee728b)  -> (artifact id: '98bd374bbec5a6dfdc2c279280220135') in 0.009533 seconds 
Number of asset objects unloaded after import = 3
========================================================================
Received Import Request.
  Time since last request: 0.000023 seconds.
  path: Assets/UI/PNG/Green/Default/button_rectangle_border.png
  artifactKey: Guid(5f884f9b24e833e4592bc25595c96dc9) Importer(815301076,1909f56bfc062723c751e8b465ee728b)
Number of updated assets reloaded before import = 0
Start importing Assets/UI/PNG/Green/Default/button_rectangle_border.png using Guid(5f884f9b24e833e4592bc25595c96dc9) Importer(815301076,1909f56bfc062723c751e8b465ee728b)  -> (artifact id: '2b7e2e43e9348c07c2295e44ba3540a9') in 0.010476 seconds 
Number of asset objects unloaded after import = 3
========================================================================
Received Import Request.
  Time since last request: 0.000028 seconds.
  path: Assets/UI/PNG/Green/Default/button_rectangle_depth_line.png
  artifactKey: Guid(006bd7dcbb6bd9e459f18ac4e1321848) Importer(815301076,1909f56bfc062723c751e8b465ee728b)
Number of updated assets reloaded before import = 0
Start importing Assets/UI/PNG/Green/Default/button_rectangle_depth_line.png using Guid(006bd7dcbb6bd9e459f18ac4e1321848) Importer(815301076,1909f56bfc062723c751e8b465ee728b)  -> (artifact id: '4cef1a434222be6e2b664a3d1088246d') in 0.012474 seconds 
Number of asset objects unloaded after import = 3
Editor requested this worker to shutdown with reason: Scaling down because of idle timeout
AssetImportWorker is now disconnected from the server
Process exiting
Exiting without the bug reporter. Application will terminate with return code 0