Using pre-set license
Built from '2021.3/staging' branch; Version is '2021.3.45f1 (0da89fac8e79) revision 895135'; Using compiler version '192829333'; Build Type 'Release'
OS: 'Windows 10  (10.0.19045) 64bit Professional' Language: 'en' Physical Memory: 16212 MB
BatchMode: 1, IsHumanControllingUs: 0, StartBugReporterOnCrash: 0, Is64bit: 1, IsPro: 1

COMMAND LINE ARGUMENTS:
C:\Program Files\Unity\Hub\Editor\2021.3.45f1\Editor\Unity.exe
-adb2
-batchMode
-noUpm
-name
AssetImportWorker5
-projectPath
D:/DemoMario/Unity3D-Mario-Kart-Racing-Game/3D Mario Kart
-logFile
Logs/AssetImportWorker5.log
-srvPort
49798
Successfully changed project path to: D:/DemoMario/Unity3D-Mario-Kart-Racing-Game/3D Mario Kart
D:/DemoMario/Unity3D-Mario-Kart-Racing-Game/3D Mario Kart
[UnityMemory] Configuration Parameters - Can be set up in boot.config
    "memorysetup-bucket-allocator-granularity=16"
    "memorysetup-bucket-allocator-bucket-count=8"
    "memorysetup-bucket-allocator-block-size=33554432"
    "memorysetup-bucket-allocator-block-count=8"
    "memorysetup-main-allocator-block-size=16777216"
    "memorysetup-thread-allocator-block-size=16777216"
    "memorysetup-gfx-main-allocator-block-size=16777216"
    "memorysetup-gfx-thread-allocator-block-size=16777216"
    "memorysetup-cache-allocator-block-size=4194304"
    "memorysetup-typetree-allocator-block-size=2097152"
    "memorysetup-profiler-bucket-allocator-granularity=16"
    "memorysetup-profiler-bucket-allocator-bucket-count=8"
    "memorysetup-profiler-bucket-allocator-block-size=33554432"
    "memorysetup-profiler-bucket-allocator-block-count=8"
    "memorysetup-profiler-allocator-block-size=16777216"
    "memorysetup-profiler-editor-allocator-block-size=1048576"
    "memorysetup-temp-allocator-size-main=16777216"
    "memorysetup-job-temp-allocator-block-size=2097152"
    "memorysetup-job-temp-allocator-block-size-background=1048576"
    "memorysetup-job-temp-allocator-reduction-small-platforms=262144"
    "memorysetup-temp-allocator-size-background-worker=32768"
    "memorysetup-temp-allocator-size-job-worker=262144"
    "memorysetup-temp-allocator-size-preload-manager=33554432"
    "memorysetup-temp-allocator-size-nav-mesh-worker=65536"
    "memorysetup-temp-allocator-size-audio-worker=65536"
    "memorysetup-temp-allocator-size-cloud-worker=32768"
    "memorysetup-temp-allocator-size-gi-baking-worker=262144"
    "memorysetup-temp-allocator-size-gfx=262144"
Player connection [8532] Host "[IP] 192.168.1.56 [Port] 0 [Flags] 2 [Guid] 2172854960 [EditorId] 2172854960 [Version] 1048832 [Id] WindowsEditor(7,DESKTOP-H6IRBS1) [Debug] 1 [PackageName] WindowsEditor [ProjectName] Editor" joined multi-casting on [225.0.0.222:54997]...

Player connection [8532] Host "[IP] 192.168.1.56 [Port] 0 [Flags] 2 [Guid] 2172854960 [EditorId] 2172854960 [Version] 1048832 [Id] WindowsEditor(7,DESKTOP-H6IRBS1) [Debug] 1 [PackageName] WindowsEditor [ProjectName] Editor" joined alternative multi-casting on [225.0.0.222:34997]...

[Physics::Module] Initialized MultithreadedJobDispatcher with {0} workers.
Refreshing native plugins compatible for Editor in 105.37 ms, found 2 plugins.
Preloading 0 native plugins for Editor in 0.00 ms.
Initialize engine version: 2021.3.45f1 (0da89fac8e79)
[Subsystems] Discovering subsystems at path C:/Program Files/Unity/Hub/Editor/2021.3.45f1/Editor/Data/Resources/UnitySubsystems
[Subsystems] Discovering subsystems at path D:/DemoMario/Unity3D-Mario-Kart-Racing-Game/3D Mario Kart/Assets
GfxDevice: creating device client; threaded=0; jobified=0
Direct3D:
    Version:  Direct3D 11.0 [level 11.1]
    Renderer: Radeon RX550/550 Series (ID=0x699f)
    Vendor:   ATI
    VRAM:     4075 MB
    Driver:   31.0.12027.9001
Initialize mono
Mono path[0] = 'C:/Program Files/Unity/Hub/Editor/2021.3.45f1/Editor/Data/Managed'
Mono path[1] = 'C:/Program Files/Unity/Hub/Editor/2021.3.45f1/Editor/Data/MonoBleedingEdge/lib/mono/unityjit-win32'
Mono config path = 'C:/Program Files/Unity/Hub/Editor/2021.3.45f1/Editor/Data/MonoBleedingEdge/etc'
Using monoOptions --debugger-agent=transport=dt_socket,embedding=1,server=y,suspend=n,address=127.0.0.1:56372
Begin MonoManager ReloadAssembly
Registering precompiled unity dll's ...
Register platform support module: C:/Program Files/Unity/Hub/Editor/2021.3.45f1/Editor/Data/PlaybackEngines/AndroidPlayer/UnityEditor.Android.Extensions.dll
Register platform support module: C:/Program Files/Unity/Hub/Editor/2021.3.45f1/Editor/Data/PlaybackEngines/WindowsStandaloneSupport/UnityEditor.WindowsStandalone.Extensions.dll
Registered in 0.004588 seconds.
Native extension for WindowsStandalone target not found
Native extension for Android target not found
Android Extension - Scanning For ADB Devices 159 ms
Refreshing native plugins compatible for Editor in 79.67 ms, found 2 plugins.
Preloading 0 native plugins for Editor in 0.00 ms.
Mono: successfully reloaded assembly
- Completed reload, in  0.655 seconds
Domain Reload Profiling:
	ReloadAssembly (655ms)
		BeginReloadAssembly (70ms)
			ExecutionOrderSort (0ms)
			DisableScriptedObjects (0ms)
			BackupInstance (0ms)
			ReleaseScriptingObjects (0ms)
			CreateAndSetChildDomain (1ms)
		EndReloadAssembly (519ms)
			LoadAssemblies (68ms)
			RebuildTransferFunctionScriptingTraits (0ms)
			SetupTypeCache (73ms)
			ReleaseScriptCaches (0ms)
			RebuildScriptCaches (19ms)
			SetupLoadedEditorAssemblies (398ms)
				LogAssemblyErrors (0ms)
				InitializePlatformSupportModulesInManaged (217ms)
				SetLoadedEditorAssemblies (0ms)
				RefreshPlugins (80ms)
				BeforeProcessingInitializeOnLoad (1ms)
				ProcessInitializeOnLoadAttributes (70ms)
				ProcessInitializeOnLoadMethodAttributes (30ms)
				AfterProcessingInitializeOnLoad (0ms)
				EditorAssembliesLoaded (0ms)
			ExecutionOrderSort2 (0ms)
			AwakeInstancesAfterBackupRestoration (0ms)
Platform modules already initialized, skipping
Registering precompiled user dll's ...
Registered in 0.002528 seconds.
Begin MonoManager ReloadAssembly
Symbol file LoadedFromMemory is not a mono symbol file
Native extension for WindowsStandalone target not found
Native extension for Android target not found
Refreshing native plugins compatible for Editor in 84.57 ms, found 2 plugins.
Preloading 0 native plugins for Editor in 0.00 ms.
Package Manager log level set to [2]
[Package Manager] Server::EnsureServerProcessIsRunning -- launch failed, reason: Unity was launched with the -noUpm command-line argument
[Package Manager] Cannot connect to Unity Package Manager local server
Mono: successfully reloaded assembly
- Completed reload, in  1.432 seconds
Domain Reload Profiling:
	ReloadAssembly (1433ms)
		BeginReloadAssembly (106ms)
			ExecutionOrderSort (0ms)
			DisableScriptedObjects (4ms)
			BackupInstance (0ms)
			ReleaseScriptingObjects (0ms)
			CreateAndSetChildDomain (18ms)
		EndReloadAssembly (1256ms)
			LoadAssemblies (89ms)
			RebuildTransferFunctionScriptingTraits (0ms)
			SetupTypeCache (195ms)
			ReleaseScriptCaches (0ms)
			RebuildScriptCaches (63ms)
			SetupLoadedEditorAssemblies (905ms)
				LogAssemblyErrors (0ms)
				InitializePlatformSupportModulesInManaged (10ms)
				SetLoadedEditorAssemblies (0ms)
				RefreshPlugins (85ms)
				BeforeProcessingInitializeOnLoad (71ms)
				ProcessInitializeOnLoadAttributes (614ms)
				ProcessInitializeOnLoadMethodAttributes (121ms)
				AfterProcessingInitializeOnLoad (5ms)
				EditorAssembliesLoaded (0ms)
			ExecutionOrderSort2 (0ms)
			AwakeInstancesAfterBackupRestoration (4ms)
Platform modules already initialized, skipping
========================================================================
Worker process is ready to serve import requests
Launched and connected shader compiler UnityShaderCompiler.exe after 0.02 seconds
Refreshing native plugins compatible for Editor in 1.18 ms, found 2 plugins.
Preloading 0 native plugins for Editor in 0.00 ms.
Unloading 5935 Unused Serialized files (Serialized files now loaded: 0)
Unloading 79 unused Assets / (3.6 MB). Loaded Objects now: 6384.
Memory consumption went from 276.2 MB to 272.6 MB.
Total: 5.814300 ms (FindLiveObjects: 0.348300 ms CreateObjectMapping: 0.218200 ms MarkObjects: 4.441800 ms  DeleteObjects: 0.805300 ms)

AssetImportParameters requested are different than current active one (requested -> active):
  custom:video-decoder-ogg-theora: a1e56fd34408186e4bbccfd4996cb3dc -> 
  custom:container-muxer-webm: aa71ff27fc2769a1b78a27578f13a17b -> 
  custom:container-demuxer-webm: 4f35f7cbe854078d1ac9338744f61a02 -> 
  custom:video-encoder-webm-vp8: eb34c28f22e8b96e1ab97ce403110664 -> 
  custom:CustomObjectIndexerAttribute: f67f22312cbe972f2da930a377ed3d15 -> 
  custom:audio-encoder-webm-vorbis: bf7c407c2cedff20999df2af8eb42d56 -> 
  custom:framework-win-MediaFoundation: 216162199b28c13a410421893ffa2e32 -> 
  custom:SearchIndexIgnoredProperties: e643bd26f0fe6173181afceb89e7c659 -> 
  custom:container-demuxer-ogg: 62fdf1f143b41e24485cea50d1cbac27 -> 
  custom:video-decoder-webm-vp8: 9c59270c3fd7afecdb556c50c9e8de78 -> 
  custom:audio-decoder-ogg-vorbis: bf7c407c2cedff20999df2af8eb42d56 -> 
========================================================================
Received Import Request.
  Time since last request: 22485.588120 seconds.
  path: Assets/UI/PNG/Green/Default/button_square_depth_flat.png
  artifactKey: Guid(1897030faa852434eaca98aed7ed74c0) Importer(815301076,1909f56bfc062723c751e8b465ee728b)
Number of updated assets reloaded before import = 0
Start importing Assets/UI/PNG/Green/Default/button_square_depth_flat.png using Guid(1897030faa852434eaca98aed7ed74c0) Importer(815301076,1909f56bfc062723c751e8b465ee728b)  -> (artifact id: 'bc8c5780f8e64eda2fbae77722dfda7a') in 0.088377 seconds 
Number of asset objects unloaded after import = 3
========================================================================
Received Import Request.
  Time since last request: 0.000019 seconds.
  path: Assets/UI/PNG/Green/Default/check_round_round_circle.png
  artifactKey: Guid(f3eac79f5fffdcb4e86480f1fe89e013) Importer(815301076,1909f56bfc062723c751e8b465ee728b)
Number of updated assets reloaded before import = 0
Start importing Assets/UI/PNG/Green/Default/check_round_round_circle.png using Guid(f3eac79f5fffdcb4e86480f1fe89e013) Importer(815301076,1909f56bfc062723c751e8b465ee728b)  -> (artifact id: '4eb48b9bdb5e548dfc802c53010445c2') in 0.006426 seconds 
Number of asset objects unloaded after import = 3
========================================================================
Received Import Request.
  Time since last request: 0.000019 seconds.
  path: Assets/UI/PNG/Green/Default/button_square_depth_line.png
  artifactKey: Guid(ba2c171d9f9c06f48971abb673b74637) Importer(815301076,1909f56bfc062723c751e8b465ee728b)
Number of updated assets reloaded before import = 0
Start importing Assets/UI/PNG/Green/Default/button_square_depth_line.png using Guid(ba2c171d9f9c06f48971abb673b74637) Importer(815301076,1909f56bfc062723c751e8b465ee728b)  -> (artifact id: '043158114fbe98b91e9e83473b4b46d9') in 0.005878 seconds 
Number of asset objects unloaded after import = 3
========================================================================
Received Import Request.
  Time since last request: 0.000025 seconds.
  path: Assets/UI/PNG/Green/Default/button_square_gradient.png
  artifactKey: Guid(c199e7f35d14c15478495a0c7c00b6c7) Importer(815301076,1909f56bfc062723c751e8b465ee728b)
Number of updated assets reloaded before import = 0
Start importing Assets/UI/PNG/Green/Default/button_square_gradient.png using Guid(c199e7f35d14c15478495a0c7c00b6c7) Importer(815301076,1909f56bfc062723c751e8b465ee728b)  -> (artifact id: '341d2deadc8289895a9cb4b5ff2b4c81') in 0.007773 seconds 
Number of asset objects unloaded after import = 3
========================================================================
Received Import Request.
  Time since last request: 0.000016 seconds.
  path: Assets/UI/PNG/Green/Default/button_square_line.png
  artifactKey: Guid(1ab2a7b0139d3744fb96a5f805b90233) Importer(815301076,1909f56bfc062723c751e8b465ee728b)
Number of updated assets reloaded before import = 0
Start importing Assets/UI/PNG/Green/Default/button_square_line.png using Guid(1ab2a7b0139d3744fb96a5f805b90233) Importer(815301076,1909f56bfc062723c751e8b465ee728b)  -> (artifact id: '394a628ae0c72b11224dd72ae95785e9') in 0.006214 seconds 
Number of asset objects unloaded after import = 3
========================================================================
Received Import Request.
  Time since last request: 0.000018 seconds.
  path: Assets/UI/PNG/Green/Default/check_round_color.png
  artifactKey: Guid(cece3491ed2b4ed4d8183280705cfb87) Importer(815301076,1909f56bfc062723c751e8b465ee728b)
Number of updated assets reloaded before import = 0
Start importing Assets/UI/PNG/Green/Default/check_round_color.png using Guid(cece3491ed2b4ed4d8183280705cfb87) Importer(815301076,1909f56bfc062723c751e8b465ee728b)  -> (artifact id: 'd0e539a357e7108f5dfc531e63fd2114') in 0.006103 seconds 
Number of asset objects unloaded after import = 3
========================================================================
Received Import Request.
  Time since last request: 0.000019 seconds.
  path: Assets/UI/PNG/Green/Default/button_square_depth_gradient.png
  artifactKey: Guid(50110f7332d0cdd489fbcba2d4650b10) Importer(815301076,1909f56bfc062723c751e8b465ee728b)
Number of updated assets reloaded before import = 0
Start importing Assets/UI/PNG/Green/Default/button_square_depth_gradient.png using Guid(50110f7332d0cdd489fbcba2d4650b10) Importer(815301076,1909f56bfc062723c751e8b465ee728b)  -> (artifact id: '8da0fe2be0b65247cb8078c254a60c5b') in 0.005530 seconds 
Number of asset objects unloaded after import = 3
========================================================================
Received Import Request.
  Time since last request: 0.000017 seconds.
  path: Assets/UI/PNG/Green/Default/check_round_grey_circle.png
  artifactKey: Guid(7232fde7e1f3d6542a4cf9c4df335d0f) Importer(815301076,1909f56bfc062723c751e8b465ee728b)
Number of updated assets reloaded before import = 0
Start importing Assets/UI/PNG/Green/Default/check_round_grey_circle.png using Guid(7232fde7e1f3d6542a4cf9c4df335d0f) Importer(815301076,1909f56bfc062723c751e8b465ee728b)  -> (artifact id: '805430451c4e21436705db294ebd89a4') in 0.007874 seconds 
Number of asset objects unloaded after import = 3
========================================================================
Received Import Request.
  Time since last request: 0.000023 seconds.
  path: Assets/UI/PNG/Green/Default/button_square_flat.png
  artifactKey: Guid(77fe01646712e9a459f5ec5c7eeb8253) Importer(815301076,1909f56bfc062723c751e8b465ee728b)
Number of updated assets reloaded before import = 0
Start importing Assets/UI/PNG/Green/Default/button_square_flat.png using Guid(77fe01646712e9a459f5ec5c7eeb8253) Importer(815301076,1909f56bfc062723c751e8b465ee728b)  -> (artifact id: '7531f5fb543b62ddcd979b5591be57dd') in 0.005838 seconds 
Number of asset objects unloaded after import = 3
========================================================================
Received Import Request.
  Time since last request: 4.172876 seconds.
  path: Assets/UI/PNG/Green/Default/check_square_grey_square.png
  artifactKey: Guid(4a5f4c1442c00dc42901aedd6d715ea9) Importer(815301076,1909f56bfc062723c751e8b465ee728b)
Number of updated assets reloaded before import = 0
Start importing Assets/UI/PNG/Green/Default/check_square_grey_square.png using Guid(4a5f4c1442c00dc42901aedd6d715ea9) Importer(815301076,1909f56bfc062723c751e8b465ee728b)  -> (artifact id: '633295b759b20ccf19ba9199a5aa3646') in 0.009102 seconds 
Number of asset objects unloaded after import = 3
========================================================================
Received Import Request.
  Time since last request: 0.000015 seconds.
  path: Assets/UI/PNG/Green/Default/icon_cross.png
  artifactKey: Guid(4518cecc78a513b46ac461a5a93a52e8) Importer(815301076,1909f56bfc062723c751e8b465ee728b)
Number of updated assets reloaded before import = 0
Start importing Assets/UI/PNG/Green/Default/icon_cross.png using Guid(4518cecc78a513b46ac461a5a93a52e8) Importer(815301076,1909f56bfc062723c751e8b465ee728b)  -> (artifact id: '51f6969e28b049888f1e80ef6beb5b46') in 0.011147 seconds 
Number of asset objects unloaded after import = 3
========================================================================
Received Import Request.
  Time since last request: 0.039964 seconds.
  path: Assets/UI/PNG/Green/Default/icon_outline_circle.png
  artifactKey: Guid(c145cb3db04939b40aa90bdbebf4578a) Importer(815301076,1909f56bfc062723c751e8b465ee728b)
Number of updated assets reloaded before import = 0
Start importing Assets/UI/PNG/Green/Default/icon_outline_circle.png using Guid(c145cb3db04939b40aa90bdbebf4578a) Importer(815301076,1909f56bfc062723c751e8b465ee728b)  -> (artifact id: '52db522a2eb9d3bf55934a29d9925300') in 0.009302 seconds 
Number of asset objects unloaded after import = 3
========================================================================
Received Import Request.
  Time since last request: 0.000013 seconds.
  path: Assets/UI/PNG/Green/Default/slide_hangle.png
  artifactKey: Guid(43864a0b62d72ad43adfda44601fadd7) Importer(815301076,1909f56bfc062723c751e8b465ee728b)
Number of updated assets reloaded before import = 0
Start importing Assets/UI/PNG/Green/Default/slide_hangle.png using Guid(43864a0b62d72ad43adfda44601fadd7) Importer(815301076,1909f56bfc062723c751e8b465ee728b)  -> (artifact id: '09bfe82ce4baa0315d414e1aa7fb11e0') in 0.008329 seconds 
Number of asset objects unloaded after import = 3
========================================================================
Received Import Request.
  Time since last request: 1.825655 seconds.
  path: Assets/UI/PNG/Green/Default/slide_horizontal_color_section_wide.png
  artifactKey: Guid(dc1e6af63982be74caa6c92052659bd9) Importer(815301076,1909f56bfc062723c751e8b465ee728b)
Number of updated assets reloaded before import = 0
Start importing Assets/UI/PNG/Green/Default/slide_horizontal_color_section_wide.png using Guid(dc1e6af63982be74caa6c92052659bd9) Importer(815301076,1909f56bfc062723c751e8b465ee728b)  -> (artifact id: '0a68646e02d12025f8caab559e1cbe9d') in 0.010922 seconds 
Number of asset objects unloaded after import = 3
========================================================================
Received Import Request.
  Time since last request: 0.000019 seconds.
  path: Assets/UI/PNG/Green/Default/slide_horizontal_grey_section.png
  artifactKey: Guid(8f2692fe1a4963541bb317f58e4f7e4c) Importer(815301076,1909f56bfc062723c751e8b465ee728b)
Number of updated assets reloaded before import = 0
Start importing Assets/UI/PNG/Green/Default/slide_horizontal_grey_section.png using Guid(8f2692fe1a4963541bb317f58e4f7e4c) Importer(815301076,1909f56bfc062723c751e8b465ee728b)  -> (artifact id: 'b5595f22f3a5f151e7b899c3bef0bf5e') in 0.012110 seconds 
Number of asset objects unloaded after import = 3
========================================================================
Received Import Request.
  Time since last request: 0.000024 seconds.
  path: Assets/UI/PNG/Green/Default/slide_vertical_color_section_wide.png
  artifactKey: Guid(a93240472a8db9b44ab6436954bab96d) Importer(815301076,1909f56bfc062723c751e8b465ee728b)
Number of updated assets reloaded before import = 0
Start importing Assets/UI/PNG/Green/Default/slide_vertical_color_section_wide.png using Guid(a93240472a8db9b44ab6436954bab96d) Importer(815301076,1909f56bfc062723c751e8b465ee728b)  -> (artifact id: '81505ea0d1b61d392abbc18886505ac6') in 0.009465 seconds 
Number of asset objects unloaded after import = 3
========================================================================
Received Import Request.
  Time since last request: 0.000038 seconds.
  path: Assets/UI/PNG/Green/Default/star_outline.png
  artifactKey: Guid(9457e1d5eb5cb414ab804d9b4135c7f9) Importer(815301076,1909f56bfc062723c751e8b465ee728b)
Number of updated assets reloaded before import = 0
Start importing Assets/UI/PNG/Green/Default/star_outline.png using Guid(9457e1d5eb5cb414ab804d9b4135c7f9) Importer(815301076,1909f56bfc062723c751e8b465ee728b)  -> (artifact id: 'e467d2331dba5660aa77fe6b1d9ded71') in 0.007495 seconds 
Number of asset objects unloaded after import = 3
========================================================================
Received Import Request.
  Time since last request: 49.727907 seconds.
  path: Assets/UI/PNG/Green/Default/arrow_basic_n.png
  artifactKey: Guid(1c955a01271c95040939737837ded3d9) Importer(815301076,1909f56bfc062723c751e8b465ee728b)
Number of updated assets reloaded before import = 0
Start importing Assets/UI/PNG/Green/Default/arrow_basic_n.png using Guid(1c955a01271c95040939737837ded3d9) Importer(815301076,1909f56bfc062723c751e8b465ee728b)  -> (artifact id: '0a8e4ce2ff833fac91ccbdb748b4d393') in 0.008795 seconds 
Number of asset objects unloaded after import = 3
========================================================================
Received Import Request.
  Time since last request: 0.000022 seconds.
  path: Assets/UI/PNG/Green/Default/arrow_basic_s.png
  artifactKey: Guid(2c6695b17be56e34da5c9c3a8d61ffdc) Importer(815301076,1909f56bfc062723c751e8b465ee728b)
Number of updated assets reloaded before import = 0
Start importing Assets/UI/PNG/Green/Default/arrow_basic_s.png using Guid(2c6695b17be56e34da5c9c3a8d61ffdc) Importer(815301076,1909f56bfc062723c751e8b465ee728b)  -> (artifact id: 'a372afabf59e1da4cd7439810365fa25') in 0.009096 seconds 
Number of asset objects unloaded after import = 3
========================================================================
Received Import Request.
  Time since last request: 183.704994 seconds.
  path: Assets/Standard Assets/CrossPlatformInput/Sprites/ButtonAcceleratorUpSprite.png
  artifactKey: Guid(f588d850485d0ae479d73cf3bd0b7b00) Importer(815301076,1909f56bfc062723c751e8b465ee728b)
Number of updated assets reloaded before import = 0
Start importing Assets/Standard Assets/CrossPlatformInput/Sprites/ButtonAcceleratorUpSprite.png using Guid(f588d850485d0ae479d73cf3bd0b7b00) Importer(815301076,1909f56bfc062723c751e8b465ee728b)  -> (artifact id: '13c043485769c496036c30d6691c1bc9') in 0.022657 seconds 
Number of asset objects unloaded after import = 3
========================================================================
Received Import Request.
  Time since last request: 0.000019 seconds.
  path: Assets/Standard Assets/CrossPlatformInput/Sprites/ButtonThumbstickOverSprite.png
  artifactKey: Guid(5485e2f56028a3c4cb54f5caa167377e) Importer(815301076,1909f56bfc062723c751e8b465ee728b)
Number of updated assets reloaded before import = 0
Start importing Assets/Standard Assets/CrossPlatformInput/Sprites/ButtonThumbstickOverSprite.png using Guid(5485e2f56028a3c4cb54f5caa167377e) Importer(815301076,1909f56bfc062723c751e8b465ee728b)  -> (artifact id: 'ec3084ab4ea089a821288d27bd6a13b3') in 0.009381 seconds 
Number of asset objects unloaded after import = 3
========================================================================
Received Import Request.
  Time since last request: 0.000018 seconds.
  path: Assets/Standard Assets/CrossPlatformInput/Sprites/ButtonArrowOverSprite.png
  artifactKey: Guid(49b611e658efbf443b686a4036f74fe3) Importer(815301076,1909f56bfc062723c751e8b465ee728b)
Number of updated assets reloaded before import = 0
Start importing Assets/Standard Assets/CrossPlatformInput/Sprites/ButtonArrowOverSprite.png using Guid(49b611e658efbf443b686a4036f74fe3) Importer(815301076,1909f56bfc062723c751e8b465ee728b)  -> (artifact id: 'b00d805723550759d603ce8719067d0f') in 0.010486 seconds 
Number of asset objects unloaded after import = 3
========================================================================
Received Import Request.
  Time since last request: 0.000019 seconds.
  path: Assets/Standard Assets/CrossPlatformInput/Sprites/ButtonBrakeOverSprite.png
  artifactKey: Guid(5b1a64ea234fb2343b8d0686c51280de) Importer(815301076,1909f56bfc062723c751e8b465ee728b)
Number of updated assets reloaded before import = 0
Start importing Assets/Standard Assets/CrossPlatformInput/Sprites/ButtonBrakeOverSprite.png using Guid(5b1a64ea234fb2343b8d0686c51280de) Importer(815301076,1909f56bfc062723c751e8b465ee728b)  -> (artifact id: '7caa9d85bb5e376cb6e6f316c0bd5179') in 0.008215 seconds 
Number of asset objects unloaded after import = 3
========================================================================
Received Import Request.
  Time since last request: 0.000013 seconds.
  path: Assets/Standard Assets/CrossPlatformInput/Sprites/ButtonThumbstickUpSprite.png
  artifactKey: Guid(9866a92691696b346901281f2b329034) Importer(815301076,1909f56bfc062723c751e8b465ee728b)
Number of updated assets reloaded before import = 0
Start importing Assets/Standard Assets/CrossPlatformInput/Sprites/ButtonThumbstickUpSprite.png using Guid(9866a92691696b346901281f2b329034) Importer(815301076,1909f56bfc062723c751e8b465ee728b)  -> (artifact id: '2c8ab0e1e295e1e85023a1cbb9dc19df') in 0.009967 seconds 
Number of asset objects unloaded after import = 3
========================================================================
Received Import Request.
  Time since last request: 0.000015 seconds.
  path: Assets/Standard Assets/CrossPlatformInput/Sprites/ButtonResetSprite.png
  artifactKey: Guid(a94c9a7eb94ceec4a8d67a1890e22e51) Importer(815301076,1909f56bfc062723c751e8b465ee728b)
Number of updated assets reloaded before import = 0
Start importing Assets/Standard Assets/CrossPlatformInput/Sprites/ButtonResetSprite.png using Guid(a94c9a7eb94ceec4a8d67a1890e22e51) Importer(815301076,1909f56bfc062723c751e8b465ee728b)  -> (artifact id: 'aba3b661d640cde0d2a87ae8604c5ed6') in 0.011761 seconds 
Number of asset objects unloaded after import = 3
========================================================================
Received Import Request.
  Time since last request: 0.000017 seconds.
  path: Assets/Standard Assets/CrossPlatformInput/Sprites/ButtonCameraCycleUpSprite.png
  artifactKey: Guid(a3983c59ebf804b4abba687bd7c9e92f) Importer(815301076,1909f56bfc062723c751e8b465ee728b)
Number of updated assets reloaded before import = 0
Start importing Assets/Standard Assets/CrossPlatformInput/Sprites/ButtonCameraCycleUpSprite.png using Guid(a3983c59ebf804b4abba687bd7c9e92f) Importer(815301076,1909f56bfc062723c751e8b465ee728b)  -> (artifact id: 'de56ceb7fd725f1c6ce7cb35b4f7e934') in 0.008160 seconds 
Number of asset objects unloaded after import = 3
========================================================================
Received Import Request.
  Time since last request: 14.608735 seconds.
  path: Assets/Sprites/ItemPNG/image_part_010.png
  artifactKey: Guid(09a4bab356c997947acd5a2174fbff56) Importer(815301076,1909f56bfc062723c751e8b465ee728b)
Number of updated assets reloaded before import = 0
Start importing Assets/Sprites/ItemPNG/image_part_010.png using Guid(09a4bab356c997947acd5a2174fbff56) Importer(815301076,1909f56bfc062723c751e8b465ee728b)  -> (artifact id: 'e61b8dd00293885a61aab743943da7c1') in 0.011739 seconds 
Number of asset objects unloaded after import = 3
========================================================================
Received Import Request.
  Time since last request: 0.719519 seconds.
  path: Assets/Sprites/ItemPNG/image_part_022.png
  artifactKey: Guid(376edc7397daa5546aa49fa6e03fa0b8) Importer(815301076,1909f56bfc062723c751e8b465ee728b)
Number of updated assets reloaded before import = 0
Start importing Assets/Sprites/ItemPNG/image_part_022.png using Guid(376edc7397daa5546aa49fa6e03fa0b8) Importer(815301076,1909f56bfc062723c751e8b465ee728b)  -> (artifact id: 'c82e1acf904b395851b09dfa2bdf14c7') in 0.015436 seconds 
Number of asset objects unloaded after import = 3
========================================================================
Received Import Request.
  Time since last request: 0.000013 seconds.
  path: Assets/Sprites/ItemPNG/image_part_028.png
  artifactKey: Guid(fea00c0ef2f85f141a3c595aade68641) Importer(815301076,1909f56bfc062723c751e8b465ee728b)
Number of updated assets reloaded before import = 0
Start importing Assets/Sprites/ItemPNG/image_part_028.png using Guid(fea00c0ef2f85f141a3c595aade68641) Importer(815301076,1909f56bfc062723c751e8b465ee728b)  -> (artifact id: 'e637c115b1222482c919d0348bb15d7b') in 0.017629 seconds 
Number of asset objects unloaded after import = 3
========================================================================
Received Import Request.
  Time since last request: 0.000018 seconds.
  path: Assets/Sprites/ItemPNG/image_part_027.png
  artifactKey: Guid(405a924c248ea974ab48bfce3f9f002b) Importer(815301076,1909f56bfc062723c751e8b465ee728b)
Number of updated assets reloaded before import = 0
Start importing Assets/Sprites/ItemPNG/image_part_027.png using Guid(405a924c248ea974ab48bfce3f9f002b) Importer(815301076,1909f56bfc062723c751e8b465ee728b)  -> (artifact id: 'e3592b2e826de76de23d0c3e5dac8da4') in 0.010897 seconds 
Number of asset objects unloaded after import = 3
========================================================================
Received Import Request.
  Time since last request: 0.000020 seconds.
  path: Assets/Models/Items/Bullet Bill/itemkillerjet_alb.png
  artifactKey: Guid(ebb132a793875204789690cef2b04fd3) Importer(815301076,1909f56bfc062723c751e8b465ee728b)
Number of updated assets reloaded before import = 0
Start importing Assets/Models/Items/Bullet Bill/itemkillerjet_alb.png using Guid(ebb132a793875204789690cef2b04fd3) Importer(815301076,1909f56bfc062723c751e8b465ee728b)  -> (artifact id: 'f4fcfc16ff83c1ef2b3eee7a52fe2967') in 0.007857 seconds 
Number of asset objects unloaded after import = 3
========================================================================
Received Import Request.
  Time since last request: 17.470873 seconds.
  path: Assets/Spherical Skybox/UI/sky2.png
  artifactKey: Guid(41770de8d2336a7448b769d353f45b06) Importer(815301076,1909f56bfc062723c751e8b465ee728b)
Number of updated assets reloaded before import = 0
Start importing Assets/Spherical Skybox/UI/sky2.png using Guid(41770de8d2336a7448b769d353f45b06) Importer(815301076,1909f56bfc062723c751e8b465ee728b)  -> (artifact id: '4df6466d0df94d3bda0cba016291be1e') in 0.010306 seconds 
Number of asset objects unloaded after import = 3
========================================================================
Received Import Request.
  Time since last request: 0.020684 seconds.
  path: Assets/Spherical Skybox/UI/sky9.png
  artifactKey: Guid(8c416544386f1e34d99c9acd12be495e) Importer(815301076,1909f56bfc062723c751e8b465ee728b)
Number of updated assets reloaded before import = 0
Start importing Assets/Spherical Skybox/UI/sky9.png using Guid(8c416544386f1e34d99c9acd12be495e) Importer(815301076,1909f56bfc062723c751e8b465ee728b)  -> (artifact id: '921bceaf8ec29b0f9072f2d12b1b040a') in 0.014381 seconds 
Number of asset objects unloaded after import = 3
========================================================================
Received Import Request.
  Time since last request: 9.085773 seconds.
  path: Assets/Models/MooMoo Meadows/Wii U - Mario Kart 8 - Wii Moo Moo Meadows/Transparent.png
  artifactKey: Guid(5f2b85369af8e434390def0f34a608aa) Importer(815301076,1909f56bfc062723c751e8b465ee728b)
Number of updated assets reloaded before import = 0
Start importing Assets/Models/MooMoo Meadows/Wii U - Mario Kart 8 - Wii Moo Moo Meadows/Transparent.png using Guid(5f2b85369af8e434390def0f34a608aa) Importer(815301076,1909f56bfc062723c751e8b465ee728b)  -> (artifact id: 'b0986d66c6f5e6e481649116629d38c2') in 0.016351 seconds 
Number of asset objects unloaded after import = 3
========================================================================
Received Import Request.
  Time since last request: 0.592861 seconds.
  path: Assets/Sprites/ItemPNG/TripleMushroom.png
  artifactKey: Guid(5848c92aff4aa0d4cbd43adb3bf509c4) Importer(815301076,1909f56bfc062723c751e8b465ee728b)
Number of updated assets reloaded before import = 0
Start importing Assets/Sprites/ItemPNG/TripleMushroom.png using Guid(5848c92aff4aa0d4cbd43adb3bf509c4) Importer(815301076,1909f56bfc062723c751e8b465ee728b)  -> (artifact id: 'ff573e20e5e4f9f98b4eea6187a4a04b') in 0.011592 seconds 
Number of asset objects unloaded after import = 3
Editor requested this worker to shutdown with reason: Scaling down because of idle timeout
AssetImportWorker is now disconnected from the server
Process exiting
Exiting without the bug reporter. Application will terminate with return code 0