Using pre-set license
Built from '2021.3/staging' branch; Version is '2021.3.45f1 (0da89fac8e79) revision 895135'; Using compiler version '192829333'; Build Type 'Release'
OS: 'Windows 10  (10.0.19045) 64bit Professional' Language: 'en' Physical Memory: 16212 MB
BatchMode: 1, IsHumanControllingUs: 0, StartBugReporterOnCrash: 0, Is64bit: 1, IsPro: 1

COMMAND LINE ARGUMENTS:
C:\Program Files\Unity\Hub\Editor\2021.3.45f1\Editor\Unity.exe
-adb2
-batchMode
-noUpm
-name
AssetImportWorker3
-projectPath
D:/DemoMario/Unity3D-Mario-Kart-Racing-Game/3D Mario Kart
-logFile
Logs/AssetImportWorker3.log
-srvPort
49798
Successfully changed project path to: D:/DemoMario/Unity3D-Mario-Kart-Racing-Game/3D Mario Kart
D:/DemoMario/Unity3D-Mario-Kart-Racing-Game/3D Mario Kart
[UnityMemory] Configuration Parameters - Can be set up in boot.config
    "memorysetup-bucket-allocator-granularity=16"
    "memorysetup-bucket-allocator-bucket-count=8"
    "memorysetup-bucket-allocator-block-size=33554432"
    "memorysetup-bucket-allocator-block-count=8"
    "memorysetup-main-allocator-block-size=16777216"
    "memorysetup-thread-allocator-block-size=16777216"
    "memorysetup-gfx-main-allocator-block-size=16777216"
    "memorysetup-gfx-thread-allocator-block-size=16777216"
    "memorysetup-cache-allocator-block-size=4194304"
    "memorysetup-typetree-allocator-block-size=2097152"
    "memorysetup-profiler-bucket-allocator-granularity=16"
    "memorysetup-profiler-bucket-allocator-bucket-count=8"
    "memorysetup-profiler-bucket-allocator-block-size=33554432"
    "memorysetup-profiler-bucket-allocator-block-count=8"
    "memorysetup-profiler-allocator-block-size=16777216"
    "memorysetup-profiler-editor-allocator-block-size=1048576"
    "memorysetup-temp-allocator-size-main=16777216"
    "memorysetup-job-temp-allocator-block-size=2097152"
    "memorysetup-job-temp-allocator-block-size-background=1048576"
    "memorysetup-job-temp-allocator-reduction-small-platforms=262144"
    "memorysetup-temp-allocator-size-background-worker=32768"
    "memorysetup-temp-allocator-size-job-worker=262144"
    "memorysetup-temp-allocator-size-preload-manager=33554432"
    "memorysetup-temp-allocator-size-nav-mesh-worker=65536"
    "memorysetup-temp-allocator-size-audio-worker=65536"
    "memorysetup-temp-allocator-size-cloud-worker=32768"
    "memorysetup-temp-allocator-size-gi-baking-worker=262144"
    "memorysetup-temp-allocator-size-gfx=262144"
Player connection [17636] Host "[IP] 192.168.1.56 [Port] 0 [Flags] 2 [Guid] 3142593078 [EditorId] 3142593078 [Version] 1048832 [Id] WindowsEditor(7,DESKTOP-H6IRBS1) [Debug] 1 [PackageName] WindowsEditor [ProjectName] Editor" joined multi-casting on [225.0.0.222:54997]...

Player connection [17636] Host "[IP] 192.168.1.56 [Port] 0 [Flags] 2 [Guid] 3142593078 [EditorId] 3142593078 [Version] 1048832 [Id] WindowsEditor(7,DESKTOP-H6IRBS1) [Debug] 1 [PackageName] WindowsEditor [ProjectName] Editor" joined alternative multi-casting on [225.0.0.222:34997]...

[Physics::Module] Initialized MultithreadedJobDispatcher with {0} workers.
Refreshing native plugins compatible for Editor in 95.92 ms, found 2 plugins.
Preloading 0 native plugins for Editor in 0.00 ms.
Initialize engine version: 2021.3.45f1 (0da89fac8e79)
[Subsystems] Discovering subsystems at path C:/Program Files/Unity/Hub/Editor/2021.3.45f1/Editor/Data/Resources/UnitySubsystems
[Subsystems] Discovering subsystems at path D:/DemoMario/Unity3D-Mario-Kart-Racing-Game/3D Mario Kart/Assets
GfxDevice: creating device client; threaded=0; jobified=0
Direct3D:
    Version:  Direct3D 11.0 [level 11.1]
    Renderer: Radeon RX550/550 Series (ID=0x699f)
    Vendor:   ATI
    VRAM:     4075 MB
    Driver:   31.0.12027.9001
Initialize mono
Mono path[0] = 'C:/Program Files/Unity/Hub/Editor/2021.3.45f1/Editor/Data/Managed'
Mono path[1] = 'C:/Program Files/Unity/Hub/Editor/2021.3.45f1/Editor/Data/MonoBleedingEdge/lib/mono/unityjit-win32'
Mono config path = 'C:/Program Files/Unity/Hub/Editor/2021.3.45f1/Editor/Data/MonoBleedingEdge/etc'
Using monoOptions --debugger-agent=transport=dt_socket,embedding=1,server=y,suspend=n,address=127.0.0.1:56380
Begin MonoManager ReloadAssembly
Registering precompiled unity dll's ...
Register platform support module: C:/Program Files/Unity/Hub/Editor/2021.3.45f1/Editor/Data/PlaybackEngines/AndroidPlayer/UnityEditor.Android.Extensions.dll
Register platform support module: C:/Program Files/Unity/Hub/Editor/2021.3.45f1/Editor/Data/PlaybackEngines/WindowsStandaloneSupport/UnityEditor.WindowsStandalone.Extensions.dll
Registered in 0.004279 seconds.
Native extension for WindowsStandalone target not found
Native extension for Android target not found
Android Extension - Scanning For ADB Devices 164 ms
Refreshing native plugins compatible for Editor in 77.13 ms, found 2 plugins.
Preloading 0 native plugins for Editor in 0.00 ms.
Mono: successfully reloaded assembly
- Completed reload, in  0.645 seconds
Domain Reload Profiling:
	ReloadAssembly (646ms)
		BeginReloadAssembly (68ms)
			ExecutionOrderSort (0ms)
			DisableScriptedObjects (0ms)
			BackupInstance (0ms)
			ReleaseScriptingObjects (0ms)
			CreateAndSetChildDomain (1ms)
		EndReloadAssembly (513ms)
			LoadAssemblies (67ms)
			RebuildTransferFunctionScriptingTraits (0ms)
			SetupTypeCache (71ms)
			ReleaseScriptCaches (0ms)
			RebuildScriptCaches (19ms)
			SetupLoadedEditorAssemblies (394ms)
				LogAssemblyErrors (0ms)
				InitializePlatformSupportModulesInManaged (216ms)
				SetLoadedEditorAssemblies (0ms)
				RefreshPlugins (77ms)
				BeforeProcessingInitializeOnLoad (1ms)
				ProcessInitializeOnLoadAttributes (69ms)
				ProcessInitializeOnLoadMethodAttributes (30ms)
				AfterProcessingInitializeOnLoad (0ms)
				EditorAssembliesLoaded (0ms)
			ExecutionOrderSort2 (0ms)
			AwakeInstancesAfterBackupRestoration (0ms)
Platform modules already initialized, skipping
Registering precompiled user dll's ...
Registered in 0.003005 seconds.
Begin MonoManager ReloadAssembly
Symbol file LoadedFromMemory is not a mono symbol file
Native extension for WindowsStandalone target not found
Native extension for Android target not found
Refreshing native plugins compatible for Editor in 82.52 ms, found 2 plugins.
Preloading 0 native plugins for Editor in 0.00 ms.
Package Manager log level set to [2]
[Package Manager] Server::EnsureServerProcessIsRunning -- launch failed, reason: Unity was launched with the -noUpm command-line argument
[Package Manager] Cannot connect to Unity Package Manager local server
Mono: successfully reloaded assembly
- Completed reload, in  1.387 seconds
Domain Reload Profiling:
	ReloadAssembly (1388ms)
		BeginReloadAssembly (91ms)
			ExecutionOrderSort (0ms)
			DisableScriptedObjects (4ms)
			BackupInstance (0ms)
			ReleaseScriptingObjects (0ms)
			CreateAndSetChildDomain (14ms)
		EndReloadAssembly (1229ms)
			LoadAssemblies (76ms)
			RebuildTransferFunctionScriptingTraits (0ms)
			SetupTypeCache (185ms)
			ReleaseScriptCaches (0ms)
			RebuildScriptCaches (67ms)
			SetupLoadedEditorAssemblies (887ms)
				LogAssemblyErrors (0ms)
				InitializePlatformSupportModulesInManaged (10ms)
				SetLoadedEditorAssemblies (0ms)
				RefreshPlugins (83ms)
				BeforeProcessingInitializeOnLoad (65ms)
				ProcessInitializeOnLoadAttributes (612ms)
				ProcessInitializeOnLoadMethodAttributes (113ms)
				AfterProcessingInitializeOnLoad (4ms)
				EditorAssembliesLoaded (0ms)
			ExecutionOrderSort2 (0ms)
			AwakeInstancesAfterBackupRestoration (4ms)
Platform modules already initialized, skipping
========================================================================
Worker process is ready to serve import requests
Launched and connected shader compiler UnityShaderCompiler.exe after 0.02 seconds
Refreshing native plugins compatible for Editor in 1.23 ms, found 2 plugins.
Preloading 0 native plugins for Editor in 0.00 ms.
Unloading 5935 Unused Serialized files (Serialized files now loaded: 0)
Unloading 79 unused Assets / (3.6 MB). Loaded Objects now: 6384.
Memory consumption went from 276.4 MB to 272.8 MB.
Total: 5.661800 ms (FindLiveObjects: 0.271100 ms CreateObjectMapping: 0.191300 ms MarkObjects: 4.476400 ms  DeleteObjects: 0.722200 ms)

AssetImportParameters requested are different than current active one (requested -> active):
  custom:video-decoder-ogg-theora: a1e56fd34408186e4bbccfd4996cb3dc -> 
  custom:container-muxer-webm: aa71ff27fc2769a1b78a27578f13a17b -> 
  custom:container-demuxer-webm: 4f35f7cbe854078d1ac9338744f61a02 -> 
  custom:video-encoder-webm-vp8: eb34c28f22e8b96e1ab97ce403110664 -> 
  custom:CustomObjectIndexerAttribute: f67f22312cbe972f2da930a377ed3d15 -> 
  custom:audio-encoder-webm-vorbis: bf7c407c2cedff20999df2af8eb42d56 -> 
  custom:framework-win-MediaFoundation: 216162199b28c13a410421893ffa2e32 -> 
  custom:SearchIndexIgnoredProperties: e643bd26f0fe6173181afceb89e7c659 -> 
  custom:container-demuxer-ogg: 62fdf1f143b41e24485cea50d1cbac27 -> 
  custom:video-decoder-webm-vp8: 9c59270c3fd7afecdb556c50c9e8de78 -> 
  custom:audio-decoder-ogg-vorbis: bf7c407c2cedff20999df2af8eb42d56 -> 
========================================================================
Received Import Request.
  Time since last request: 22418.885821 seconds.
  path: Assets/UI/PNG/Green/Default/arrow_basic_w_small.png
  artifactKey: Guid(bd1cfb273730cf249915f5efa7e4fef1) Importer(815301076,1909f56bfc062723c751e8b465ee728b)
Number of updated assets reloaded before import = 0
Start importing Assets/UI/PNG/Green/Default/arrow_basic_w_small.png using Guid(bd1cfb273730cf249915f5efa7e4fef1) Importer(815301076,1909f56bfc062723c751e8b465ee728b)  -> (artifact id: '3600a840c511815dc42307d056c46a32') in 0.066847 seconds 
Number of asset objects unloaded after import = 2
========================================================================
Received Import Request.
  Time since last request: 0.000024 seconds.
  path: Assets/UI/PNG/Green/Default/button_rectangle_gradient.png
  artifactKey: Guid(045196c020b3f7542a81f1f3a4009257) Importer(815301076,1909f56bfc062723c751e8b465ee728b)
Number of updated assets reloaded before import = 0
Start importing Assets/UI/PNG/Green/Default/button_rectangle_gradient.png using Guid(045196c020b3f7542a81f1f3a4009257) Importer(815301076,1909f56bfc062723c751e8b465ee728b)  -> (artifact id: '9a177cdc9e4ae8cc78097f14f14562c8') in 0.041164 seconds 
Number of asset objects unloaded after import = 3
========================================================================
Received Import Request.
  Time since last request: 0.000020 seconds.
  path: Assets/UI/PNG/Green/Default/button_rectangle_depth_flat.png
  artifactKey: Guid(c97480753d8f51d47a1ae97aba6101ce) Importer(815301076,1909f56bfc062723c751e8b465ee728b)
Number of updated assets reloaded before import = 0
Start importing Assets/UI/PNG/Green/Default/button_rectangle_depth_flat.png using Guid(c97480753d8f51d47a1ae97aba6101ce) Importer(815301076,1909f56bfc062723c751e8b465ee728b)  -> (artifact id: 'ceb8abf9082a65a5e0e0c8c7ffce3abd') in 0.009327 seconds 
Number of asset objects unloaded after import = 3
========================================================================
Received Import Request.
  Time since last request: 0.000023 seconds.
  path: Assets/UI/PNG/Green/Default/button_rectangle_line.png
  artifactKey: Guid(14f691185d45d7c4da66d48d7999872d) Importer(815301076,1909f56bfc062723c751e8b465ee728b)
Number of updated assets reloaded before import = 0
Start importing Assets/UI/PNG/Green/Default/button_rectangle_line.png using Guid(14f691185d45d7c4da66d48d7999872d) Importer(815301076,1909f56bfc062723c751e8b465ee728b)  -> (artifact id: 'bf459e8968af3738977e258c08ef515d') in 0.011360 seconds 
Number of asset objects unloaded after import = 3
========================================================================
Received Import Request.
  Time since last request: 0.000021 seconds.
  path: Assets/UI/PNG/Green/Default/arrow_decorative_e_small.png
  artifactKey: Guid(a47877e49f2b7a54c85566f8461bd31d) Importer(815301076,1909f56bfc062723c751e8b465ee728b)
Number of updated assets reloaded before import = 0
Start importing Assets/UI/PNG/Green/Default/arrow_decorative_e_small.png using Guid(a47877e49f2b7a54c85566f8461bd31d) Importer(815301076,1909f56bfc062723c751e8b465ee728b)  -> (artifact id: '9557c1eb1488aac99e0e386e0a5856c1') in 0.006926 seconds 
Number of asset objects unloaded after import = 3
========================================================================
Received Import Request.
  Time since last request: 0.000020 seconds.
  path: Assets/UI/PNG/Green/Default/arrow_decorative_s_small.png
  artifactKey: Guid(84f9c0cd8a2ea2c4bb644c183da79254) Importer(815301076,1909f56bfc062723c751e8b465ee728b)
Number of updated assets reloaded before import = 0
Start importing Assets/UI/PNG/Green/Default/arrow_decorative_s_small.png using Guid(84f9c0cd8a2ea2c4bb644c183da79254) Importer(815301076,1909f56bfc062723c751e8b465ee728b)  -> (artifact id: 'a82a9fc0749b61c868373eccdaa38a70') in 0.005726 seconds 
Number of asset objects unloaded after import = 3
========================================================================
Received Import Request.
  Time since last request: 0.000022 seconds.
  path: Assets/UI/PNG/Green/Default/button_round_depth_gradient.png
  artifactKey: Guid(830e0ccedcf816541bbcd48c5c0b8a5f) Importer(815301076,1909f56bfc062723c751e8b465ee728b)
Number of updated assets reloaded before import = 0
Start importing Assets/UI/PNG/Green/Default/button_round_depth_gradient.png using Guid(830e0ccedcf816541bbcd48c5c0b8a5f) Importer(815301076,1909f56bfc062723c751e8b465ee728b)  -> (artifact id: 'aa68e480e7a3a859ce01c3db0a9b8568') in 0.009217 seconds 
Number of asset objects unloaded after import = 3
========================================================================
Received Import Request.
  Time since last request: 0.000017 seconds.
  path: Assets/UI/PNG/Green/Default/button_round_depth_line.png
  artifactKey: Guid(e9c8150e28453044aaa4c165cedf4019) Importer(815301076,1909f56bfc062723c751e8b465ee728b)
Number of updated assets reloaded before import = 0
Start importing Assets/UI/PNG/Green/Default/button_round_depth_line.png using Guid(e9c8150e28453044aaa4c165cedf4019) Importer(815301076,1909f56bfc062723c751e8b465ee728b)  -> (artifact id: '2545f16b4392b5505052a5e0ad8108ec') in 0.006041 seconds 
Number of asset objects unloaded after import = 3
========================================================================
Received Import Request.
  Time since last request: 0.000015 seconds.
  path: Assets/UI/PNG/Green/Default/button_rectangle_depth_border.png
  artifactKey: Guid(cac7a63ea0ee5064790dd6ae9afa640c) Importer(815301076,1909f56bfc062723c751e8b465ee728b)
Number of updated assets reloaded before import = 0
Start importing Assets/UI/PNG/Green/Default/button_rectangle_depth_border.png using Guid(cac7a63ea0ee5064790dd6ae9afa640c) Importer(815301076,1909f56bfc062723c751e8b465ee728b)  -> (artifact id: '56ca7f4a1633514e8db42b6ddb01cb96') in 0.007457 seconds 
Number of asset objects unloaded after import = 3
========================================================================
Received Import Request.
  Time since last request: 0.000036 seconds.
  path: Assets/UI/PNG/Green/Default/button_rectangle_depth_gradient.png
  artifactKey: Guid(3e99912bf417fea43b33188bee53ca90) Importer(815301076,1909f56bfc062723c751e8b465ee728b)
Number of updated assets reloaded before import = 0
Start importing Assets/UI/PNG/Green/Default/button_rectangle_depth_gradient.png using Guid(3e99912bf417fea43b33188bee53ca90) Importer(815301076,1909f56bfc062723c751e8b465ee728b)  -> (artifact id: 'f2c606106d40a3d80f45f3fd0d247367') in 0.007848 seconds 
Number of asset objects unloaded after import = 3
========================================================================
Received Import Request.
  Time since last request: 0.000031 seconds.
  path: Assets/UI/PNG/Green/Default/button_square_border.png
  artifactKey: Guid(d054eea7de57ecc499c4050d6fb135f2) Importer(815301076,1909f56bfc062723c751e8b465ee728b)
Number of updated assets reloaded before import = 0
Start importing Assets/UI/PNG/Green/Default/button_square_border.png using Guid(d054eea7de57ecc499c4050d6fb135f2) Importer(815301076,1909f56bfc062723c751e8b465ee728b)  -> (artifact id: '09d28c973c371bfb4c8dfbb36129a295') in 0.007702 seconds 
Number of asset objects unloaded after import = 3
========================================================================
Received Import Request.
  Time since last request: 0.000025 seconds.
  path: Assets/UI/PNG/Green/Default/arrow_decorative_n.png
  artifactKey: Guid(4d34475846d87a34faede134c967bad3) Importer(815301076,1909f56bfc062723c751e8b465ee728b)
Number of updated assets reloaded before import = 0
Start importing Assets/UI/PNG/Green/Default/arrow_decorative_n.png using Guid(4d34475846d87a34faede134c967bad3) Importer(815301076,1909f56bfc062723c751e8b465ee728b)  -> (artifact id: '79b45df9f71cdbdbac4d4f4e0343a4ef') in 0.009449 seconds 
Number of asset objects unloaded after import = 3
========================================================================
Received Import Request.
  Time since last request: 0.000051 seconds.
  path: Assets/UI/PNG/Green/Default/arrow_decorative_n_small.png
  artifactKey: Guid(09954017a0817c947b84d18809f402d4) Importer(815301076,1909f56bfc062723c751e8b465ee728b)
Number of updated assets reloaded before import = 0
Start importing Assets/UI/PNG/Green/Default/arrow_decorative_n_small.png using Guid(09954017a0817c947b84d18809f402d4) Importer(815301076,1909f56bfc062723c751e8b465ee728b)  -> (artifact id: 'eb9073a1f51683c3cbc4d0b8fcad445a') in 0.014943 seconds 
Number of asset objects unloaded after import = 3
========================================================================
Received Import Request.
  Time since last request: 0.000024 seconds.
  path: Assets/UI/PNG/Green/Default/arrow_decorative_w.png
  artifactKey: Guid(f53a6934f2ce4b949b8199a49cffaeee) Importer(815301076,1909f56bfc062723c751e8b465ee728b)
Number of updated assets reloaded before import = 0
Start importing Assets/UI/PNG/Green/Default/arrow_decorative_w.png using Guid(f53a6934f2ce4b949b8199a49cffaeee) Importer(815301076,1909f56bfc062723c751e8b465ee728b)  -> (artifact id: '85df96f5cf1b68b8b7c37b282ee893e5') in 0.010404 seconds 
Number of asset objects unloaded after import = 3
========================================================================
Received Import Request.
  Time since last request: 0.000058 seconds.
  path: Assets/UI/PNG/Green/Default/button_rectangle_flat.png
  artifactKey: Guid(81b252ff5c743dd4ebcf84e6a98b0f55) Importer(815301076,1909f56bfc062723c751e8b465ee728b)
Number of updated assets reloaded before import = 0
Start importing Assets/UI/PNG/Green/Default/button_rectangle_flat.png using Guid(81b252ff5c743dd4ebcf84e6a98b0f55) Importer(815301076,1909f56bfc062723c751e8b465ee728b)  -> (artifact id: '9ec6cd883de977c078c1889fc10d275f') in 0.007620 seconds 
Number of asset objects unloaded after import = 3
========================================================================
Received Import Request.
  Time since last request: 0.000019 seconds.
  path: Assets/UI/PNG/Green/Default/button_round_gloss.png
  artifactKey: Guid(6d71164cd3df40c4a90f972eeb32c1a7) Importer(815301076,1909f56bfc062723c751e8b465ee728b)
Number of updated assets reloaded before import = 0
Start importing Assets/UI/PNG/Green/Default/button_round_gloss.png using Guid(6d71164cd3df40c4a90f972eeb32c1a7) Importer(815301076,1909f56bfc062723c751e8b465ee728b)  -> (artifact id: '1ec3c951d079c82c5cbea817533c46bc') in 0.008191 seconds 
Number of asset objects unloaded after import = 3
Editor requested this worker to shutdown with reason: Scaling down because of idle timeout
AssetImportWorker is now disconnected from the server
Process exiting
Exiting without the bug reporter. Application will terminate with return code 0